<?xml version="1.0" encoding="UTF-8"?>
<testng-results skipped="0" failed="0" total="4" passed="4">
  <reporter-output>
  </reporter-output>
  <suite name="Suite" duration-ms="73212" started-at="2016-11-06T03:52:07Z" finished-at="2016-11-06T03:53:20Z">
    <groups>
    </groups>
    <test name="Test" duration-ms="73212" started-at="2016-11-06T03:52:07Z" finished-at="2016-11-06T03:53:20Z">
      <class name="dataproviderexample.pageClosing">
        <test-method status="SKIP" signature="closethebrowser()[pri:0, instance:dataproviderexample.pageClosing@7a2520fa]" name="closethebrowser" is-config="true" duration-ms="0" started-at="2016-11-06T09:23:20Z" finished-at="2016-11-06T09:23:20Z">
          <reporter-output>
          </reporter-output>
        </test-method> <!-- closethebrowser -->
      </class> <!-- dataproviderexample.pageClosing -->
      <class name="dataproviderexample.Loginsite">
        <test-method status="PASS" signature="setData(java.lang.String, java.lang.String)[pri:0, instance:dataproviderexample.Loginsite@5660d2d2]" name="setData" duration-ms="4990" started-at="2016-11-06T09:22:07Z" data-provider="getData" finished-at="2016-11-06T09:22:12Z">
          <params>
            <param index="0">
              <value>
                <![CDATA[tutorial]]>
              </value>
            </param>
            <param index="1">
              <value>
                <![CDATA[tutorial]]>
              </value>
            </param>
          </params>
          <reporter-output>
          </reporter-output>
        </test-method> <!-- setData -->
      </class> <!-- dataproviderexample.Loginsite -->
      <class name="dataproviderexample.sreeenshotresult">
        <test-method status="PASS" signature="screenshotmethod()[pri:0, instance:dataproviderexample.sreeenshotresult@7b1a5d31]" name="screenshotmethod" duration-ms="3340" started-at="2016-11-06T09:22:20Z" finished-at="2016-11-06T09:22:23Z">
          <reporter-output>
          </reporter-output>
        </test-method> <!-- screenshotmethod -->
      </class> <!-- dataproviderexample.sreeenshotresult -->
      <class name="dataproviderexample.onewaytrip">
        <test-method status="PASS" signature="onewayt()[pri:0, instance:dataproviderexample.onewaytrip@6eb1054b]" name="onewayt" duration-ms="5147" started-at="2016-11-06T09:22:12Z" finished-at="2016-11-06T09:22:17Z">
          <reporter-output>
          </reporter-output>
        </test-method> <!-- onewayt -->
      </class> <!-- dataproviderexample.onewaytrip -->
      <class name="dataproviderexample.multiplekeys">
        <test-method status="FAIL" signature="newmethod()[pri:0, instance:dataproviderexample.multiplekeys@2c789c2]" name="newmethod" is-config="true" duration-ms="0" started-at="2016-11-06T09:22:23Z" finished-at="2016-11-06T09:22:23Z">
          <exception class="org.openqa.selenium.ElementNotVisibleException">
            <message>
              <![CDATA[Element is not currently visible and so may not be interacted with (WARNING: The server did not provide any stacktrace information)
Command duration or timeout: 38 milliseconds
Build info: version: '2.53.1', revision: 'a36b8b1', time: '2016-06-30 17:32:46'
System info: host: 'punam-PC', ip: '14.98.79.23', os.name: 'Windows 8.1', os.arch: 'amd64', os.version: '6.3', java.version: '1.7.0_79'
Session ID: a45c09e6-0fb3-4d07-bcd2-2fabf748837d
Driver info: org.openqa.selenium.firefox.FirefoxDriver
Capabilities [{platform=WINDOWS, acceptSslCerts=true, javascriptEnabled=true, cssSelectorsEnabled=true, databaseEnabled=true, browserName=firefox, handlesAlerts=true, nativeEvents=false, webStorageEnabled=true, rotatable=false, locationContextEnabled=true, applicationCacheEnabled=true, takesScreenshot=true, version=46.0}]]]>
            </message>
            <full-stacktrace>
              <![CDATA[org.openqa.selenium.ElementNotVisibleException: Element is not currently visible and so may not be interacted with (WARNING: The server did not provide any stacktrace information)
Command duration or timeout: 38 milliseconds
Build info: version: '2.53.1', revision: 'a36b8b1', time: '2016-06-30 17:32:46'
System info: host: 'punam-PC', ip: '14.98.79.23', os.name: 'Windows 8.1', os.arch: 'amd64', os.version: '6.3', java.version: '1.7.0_79'
Session ID: a45c09e6-0fb3-4d07-bcd2-2fabf748837d
Driver info: org.openqa.selenium.firefox.FirefoxDriver
Capabilities [{platform=WINDOWS, acceptSslCerts=true, javascriptEnabled=true, cssSelectorsEnabled=true, databaseEnabled=true, browserName=firefox, handlesAlerts=true, nativeEvents=false, webStorageEnabled=true, rotatable=false, locationContextEnabled=true, applicationCacheEnabled=true, takesScreenshot=true, version=46.0}]
	at sun.reflect.NativeConstructorAccessorImpl.newInstance0(Native Method)
	at sun.reflect.NativeConstructorAccessorImpl.newInstance(NativeConstructorAccessorImpl.java:57)
	at sun.reflect.DelegatingConstructorAccessorImpl.newInstance(DelegatingConstructorAccessorImpl.java:45)
	at java.lang.reflect.Constructor.newInstance(Constructor.java:526)
	at org.openqa.selenium.remote.ErrorHandler.createThrowable(ErrorHandler.java:206)
	at org.openqa.selenium.remote.ErrorHandler.throwIfResponseFailed(ErrorHandler.java:158)
	at org.openqa.selenium.remote.RemoteWebDriver.execute(RemoteWebDriver.java:678)
	at org.openqa.selenium.remote.RemoteExecuteMethod.execute(RemoteExecuteMethod.java:35)
	at org.openqa.selenium.remote.RemoteMouse.contextClick(RemoteMouse.java:65)
	at org.openqa.selenium.interactions.ContextClickAction.perform(ContextClickAction.java:41)
	at org.openqa.selenium.interactions.CompositeAction.perform(CompositeAction.java:50)
	at org.openqa.selenium.interactions.Actions.perform(Actions.java:373)
	at dataproviderexample.multiplekeys.newmethod(multiplekeys.java:69)
	at sun.reflect.NativeMethodAccessorImpl.invoke0(Native Method)
	at sun.reflect.NativeMethodAccessorImpl.invoke(NativeMethodAccessorImpl.java:57)
	at sun.reflect.DelegatingMethodAccessorImpl.invoke(DelegatingMethodAccessorImpl.java:43)
	at java.lang.reflect.Method.invoke(Method.java:606)
	at org.testng.internal.MethodInvocationHelper.invokeMethod(MethodInvocationHelper.java:100)
	at org.testng.internal.Invoker.invokeConfigurationMethod(Invoker.java:515)
	at org.testng.internal.Invoker.invokeConfigurations(Invoker.java:216)
	at org.testng.internal.Invoker.invokeConfigurations(Invoker.java:143)
	at org.testng.TestRunner.afterRun(TestRunner.java:980)
	at org.testng.TestRunner.run(TestRunner.java:611)
	at org.testng.SuiteRunner.runTest(SuiteRunner.java:368)
	at org.testng.SuiteRunner.runSequentially(SuiteRunner.java:363)
	at org.testng.SuiteRunner.privateRun(SuiteRunner.java:321)
	at org.testng.SuiteRunner.run(SuiteRunner.java:270)
	at org.testng.SuiteRunnerWorker.runSuite(SuiteRunnerWorker.java:52)
	at org.testng.SuiteRunnerWorker.run(SuiteRunnerWorker.java:86)
	at org.testng.TestNG.runSuitesSequentially(TestNG.java:1284)
	at org.testng.TestNG.runSuitesLocally(TestNG.java:1209)
	at org.testng.TestNG.runSuites(TestNG.java:1124)
	at org.testng.TestNG.run(TestNG.java:1096)
	at org.testng.remote.AbstractRemoteTestNG.run(AbstractRemoteTestNG.java:132)
	at org.testng.remote.RemoteTestNG.initAndRun(RemoteTestNG.java:236)
	at org.testng.remote.RemoteTestNG.main(RemoteTestNG.java:81)
]]>
            </full-stacktrace>
          </exception> <!-- org.openqa.selenium.ElementNotVisibleException -->
          <reporter-output>
          </reporter-output>
        </test-method> <!-- newmethod -->
      </class> <!-- dataproviderexample.multiplekeys -->
      <class name="dataproviderexample.Driverclass">
        <test-method status="PASS" signature="createWebDriverInstance()[pri:0, instance:dataproviderexample.Driverclass@7339c79f]" name="createWebDriverInstance" is-config="true" duration-ms="22993" started-at="2016-11-06T09:21:44Z" finished-at="2016-11-06T09:22:07Z">
          <reporter-output>
          </reporter-output>
        </test-method> <!-- createWebDriverInstance -->
      </class> <!-- dataproviderexample.Driverclass -->
      <class name="dataproviderexample.select3and4flight">
        <test-method status="PASS" signature="testflightselect()[pri:0, instance:dataproviderexample.select3and4flight@27d2b7b3]" name="testflightselect" duration-ms="2890" started-at="2016-11-06T09:22:17Z" finished-at="2016-11-06T09:22:20Z">
          <reporter-output>
          </reporter-output>
        </test-method> <!-- testflightselect -->
      </class> <!-- dataproviderexample.select3and4flight -->
    </test> <!-- Test -->
  </suite> <!-- Suite -->
</testng-results>
